#
# There is insufficient memory for the Java Runtime Environment to continue.
# Native memory allocation (malloc) failed to allocate 32744 bytes for ChunkPool::allocate
# Possible reasons:
#   The system is out of physical RAM or swap space
#   The process is running with CompressedOops enabled, and the Java Heap may be blocking the growth of the native heap
# Possible solutions:
#   Reduce memory load on the system
#   Increase physical memory or swap space
#   Check if swap backing store is full
#   Decrease Java heap size (-Xmx/-Xms)
#   Decrease number of Java threads
#   Decrease Java thread stack sizes (-Xss)
#   Set larger code cache with -XX:ReservedCodeCacheSize=
#   JVM is running with Unscaled Compressed Oops mode in which the Java heap is
#     placed in the first 4GB address space. The Java Heap base address is the
#     maximum limit for the native heap growth. Please use -XX:HeapBaseMinAddress
#     to set the Java Heap base and to place the Java Heap above 4GB virtual address.
# This output file may be truncated or incomplete.
#
#  Out of Memory Error (t:/workspace/open/src/hotspot/share/memory/arena.cpp:81), pid=828, tid=13340
#
# JRE version:  (12.0.2+10) (build )
# Java VM: Java HotSpot(TM) 64-Bit Server VM (12.0.2+10, mixed mode, aot, sharing, tiered, compressed oops, g1 gc, windows-amd64)
# No core dump will be written. Minidumps are not enabled by default on client versions of Windows
#

---------------  S U M M A R Y ------------

Command Line: -Dcom.sun.management.jmxremote -Dcom.sun.management.jmxremote.port=53177 -Dcom.sun.management.jmxremote.authenticate=false -Dcom.sun.management.jmxremote.ssl=false -Djava.rmi.server.hostname=localhost -Dspring.jmx.enabled=true -Dspring.application.admin.enabled=true -Xverify:none -XX:TieredStopAtLevel=1 -Dfile.encoding=UTF-8 com.furnish.FurnishShoppeApplication

Host: Intel(R) Core(TM) i5-5300U CPU @ 2.30GHz, 4 cores, 7G,  Windows 10 , 64 bit Build 16299 (10.0.16299.15)
Time: Wed Aug 28 15:52:50 2019 India Standard Time elapsed time: 0 seconds (0d 0h 0m 0s)

---------------  T H R E A D  ---------------

Current thread (0x000001a4c8887800):  JavaThread "Unknown thread" [_thread_in_vm, id=13340, stack(0x0000009aa4800000,0x0000009aa4900000)]

Stack: [0x0000009aa4800000,0x0000009aa4900000]
Native frames: (J=compiled Java code, j=interpreted, Vv=VM code, C=native code)
V  [jvm.dll+0x63aa2a]


---------------  P R O C E S S  ---------------

Threads class SMR info:
_java_thread_list=0x00007ffcecd07928, length=0, elements={
}

Java Threads: ( => current thread )

Other Threads:

[error occurred during error reporting (printing all threads), id 0xc0000005, EXCEPTION_ACCESS_VIOLATION (0xc0000005) at pc=0x00007ffcec9804c7]

VM state:not at safepoint (not fully initialized)

VM Mutex/Monitor currently owned by a thread: None


[error occurred during error reporting (printing compressed oops mode), id 0xc0000005, EXCEPTION_ACCESS_VIOLATION (0xc0000005) at pc=0x00007ffcec998097]

Deoptimization events (0 events):
No events

Classes redefined (0 events):
No events

Internal exceptions (0 events):
No events

Events (0 events):
No events


Dynamic libraries:
0x00007ff66f810000 - 0x00007ff66f81f000 	C:\Program Files\Java\jdk-12.0.2\bin\javaw.exe
0x00007ffd3dd20000 - 0x00007ffd3df00000 	C:\windows\SYSTEM32\ntdll.dll
0x00007ffd3b1f0000 - 0x00007ffd3b29e000 	C:\windows\System32\KERNEL32.dll
0x00007ffd2f840000 - 0x00007ffd2f95b000 	C:\Windows\system32\hmpalert.dll
0x00007ffd3a660000 - 0x00007ffd3a8c6000 	C:\windows\System32\KERNELBASE.dll
0x00007ffd3a920000 - 0x00007ffd3aa16000 	C:\windows\System32\ucrtbase.dll
0x00007ffd33ca0000 - 0x00007ffd33cb8000 	C:\Program Files\Java\jdk-12.0.2\bin\jli.dll
0x00007ffd3cec0000 - 0x00007ffd3cf61000 	C:\windows\System32\ADVAPI32.dll
0x00007ffd341c0000 - 0x00007ffd341d6000 	C:\Program Files\Java\jdk-12.0.2\bin\VCRUNTIME140.dll
0x00007ffd3dc50000 - 0x00007ffd3dced000 	C:\windows\System32\msvcrt.dll
0x00007ffd3dbf0000 - 0x00007ffd3dc4b000 	C:\windows\System32\sechost.dll
0x00007ffd3ca60000 - 0x00007ffd3cb7f000 	C:\windows\System32\RPCRT4.dll
0x00007ffd3d1a0000 - 0x00007ffd3d32f000 	C:\windows\System32\USER32.dll
0x00007ffd3aa20000 - 0x00007ffd3aa40000 	C:\windows\System32\win32u.dll
0x00007ffd3d770000 - 0x00007ffd3d798000 	C:\windows\System32\GDI32.dll
0x00007ffd3a4c0000 - 0x00007ffd3a653000 	C:\windows\System32\gdi32full.dll
0x00007ffd3a420000 - 0x00007ffd3a4bb000 	C:\windows\System32\msvcp_win.dll
0x00007ffd2eb90000 - 0x00007ffd2edf9000 	C:\windows\WinSxS\amd64_microsoft.windows.common-controls_6595b64144ccf1df_6.0.16299.125_none_15cbcf8893620c09\COMCTL32.dll
0x00007ffd3c750000 - 0x00007ffd3ca58000 	C:\windows\System32\combase.dll
0x00007ffd3a2f0000 - 0x00007ffd3a362000 	C:\windows\System32\bcryptPrimitives.dll
0x00007ffd391f0000 - 0x00007ffd391fa000 	C:\windows\SYSTEM32\VERSION.dll
0x00007ffd3b2c0000 - 0x00007ffd3b2ed000 	C:\windows\System32\IMM32.DLL
0x0000000068000000 - 0x0000000068073000 	C:\windows\System32\QIPCAP64.dll
0x00007ffd3b310000 - 0x00007ffd3c746000 	C:\windows\System32\SHELL32.dll
0x00007ffd3a8d0000 - 0x00007ffd3a91a000 	C:\windows\System32\cfgmgr32.dll
0x00007ffd3cda0000 - 0x00007ffd3ce46000 	C:\windows\System32\shcore.dll
0x00007ffd3aa40000 - 0x00007ffd3b187000 	C:\windows\System32\windows.storage.dll
0x00007ffd3cf70000 - 0x00007ffd3cfc1000 	C:\windows\System32\shlwapi.dll
0x00007ffd3a070000 - 0x00007ffd3a081000 	C:\windows\System32\kernel.appcore.dll
0x00007ffd3a0b0000 - 0x00007ffd3a0fc000 	C:\windows\System32\powrprof.dll
0x00007ffd38c50000 - 0x00007ffd38c72000 	C:\windows\SYSTEM32\MAPI32.dll
0x00007ffd3a090000 - 0x00007ffd3a0ab000 	C:\windows\System32\profapi.dll
0x00007ffd3d550000 - 0x00007ffd3d699000 	C:\windows\System32\ole32.dll
0x00007ffd396d0000 - 0x00007ffd39786000 	C:\windows\SYSTEM32\DNSAPI.dll
0x00007ffd3ce50000 - 0x00007ffd3cebc000 	C:\windows\System32\WS2_32.dll
0x00007ffd3cd90000 - 0x00007ffd3cd98000 	C:\windows\System32\NSI.dll
0x00007ffd39690000 - 0x00007ffd396c9000 	C:\windows\SYSTEM32\IPHLPAPI.DLL
0x00007ffd2c840000 - 0x00007ffd2c8ea000 	C:\Program Files\Java\jdk-12.0.2\bin\msvcp140.dll
0x00007ffcec230000 - 0x00007ffcecda7000 	C:\Program Files\Java\jdk-12.0.2\bin\server\jvm.dll
0x00007ffd3b300000 - 0x00007ffd3b308000 	C:\windows\System32\PSAPI.DLL
0x00007ffd38480000 - 0x00007ffd38489000 	C:\windows\SYSTEM32\WSOCK32.dll
0x00007ffd35c30000 - 0x00007ffd35c53000 	C:\windows\SYSTEM32\WINMM.dll
0x00007ffd35c00000 - 0x00007ffd35c2a000 	C:\windows\SYSTEM32\WINMMBASE.dll
0x00007ffd2c460000 - 0x00007ffd2c471000 	C:\Program Files\Java\jdk-12.0.2\bin\verify.dll
0x00007ffd2ab50000 - 0x00007ffd2ab76000 	C:\Program Files\Java\jdk-12.0.2\bin\java.dll

dbghelp: loading error: 1455
symbol engine: initialization error.

VM Arguments:
jvm_args: -Dcom.sun.management.jmxremote -Dcom.sun.management.jmxremote.port=53177 -Dcom.sun.management.jmxremote.authenticate=false -Dcom.sun.management.jmxremote.ssl=false -Djava.rmi.server.hostname=localhost -Dspring.jmx.enabled=true -Dspring.application.admin.enabled=true -Xverify:none -XX:TieredStopAtLevel=1 -Dfile.encoding=UTF-8 
java_command: com.furnish.FurnishShoppeApplication
java_class_path (initial): D:\Prakash\Git Repository\prakashprojects\FurnishShoppe\target\classes;C:\Users\KantarSouthHelp-Desk\.m2\repository\org\springframework\boot\spring-boot-starter-data-jpa\2.1.7.RELEASE\spring-boot-starter-data-jpa-2.1.7.RELEASE.jar;C:\Users\KantarSouthHelp-Desk\.m2\repository\org\springframework\boot\spring-boot-starter-aop\2.1.7.RELEASE\spring-boot-starter-aop-2.1.7.RELEASE.jar;C:\Users\KantarSouthHelp-Desk\.m2\repository\org\springframework\spring-aop\5.1.9.RELEASE\spring-aop-5.1.9.RELEASE.jar;C:\Users\KantarSouthHelp-Desk\.m2\repository\org\aspectj\aspectjweaver\1.9.4\aspectjweaver-1.9.4.jar;C:\Users\KantarSouthHelp-Desk\.m2\repository\org\springframework\boot\spring-boot-starter-jdbc\2.1.7.RELEASE\spring-boot-starter-jdbc-2.1.7.RELEASE.jar;C:\Users\KantarSouthHelp-Desk\.m2\repository\com\zaxxer\HikariCP\3.2.0\HikariCP-3.2.0.jar;C:\Users\KantarSouthHelp-Desk\.m2\repository\org\springframework\spring-jdbc\5.1.9.RELEASE\spring-jdbc-5.1.9.RELEASE.jar;C:\Users\KantarSouthHelp-Desk\.m2\repository\javax\transaction\javax.transaction-api\1.3\javax.transaction-api-1.3.jar;C:\Users\KantarSouthHelp-Desk\.m2\repository\javax\xml\bind\jaxb-api\2.3.1\jaxb-api-2.3.1.jar;C:\Users\KantarSouthHelp-Desk\.m2\repository\javax\activation\javax.activation-api\1.2.0\javax.activation-api-1.2.0.jar;C:\Users\KantarSouthHelp-Desk\.m2\repository\org\hibernate\hibernate-core\5.3.10.Final\hibernate-core-5.3.10.Final.jar;C:\Users\KantarSouthHelp-Desk\.m2\repository\org\jboss\logging\jboss-logging\3.3.2.Final\jboss-logging-3.3.2.Final.jar;C:\Users\KantarSouthHelp-Desk\.m2\repository\javax\persistence\javax.persistence-api\2.2\javax.persistence-api-2.2.jar;C:\Users\KantarSouthHelp-Desk\.m2\repository\org\javassist\javassist\3.23.2-GA\javassist-3.23.2-GA.jar;C:\Users\KantarSouthHelp-Desk\.m2\repository\net\bytebuddy\byte-buddy\1.9.16\byte-buddy-1.9.16.jar;C:\Users\KantarSouthHelp-Desk\.m2\repository\antlr\antlr\2.7.7\antlr-2.7.7.jar;C:\Users\KantarSouthHelp-Desk\.m2\re
Launcher Type: SUN_STANDARD

[Global flags]
     bool BytecodeVerificationLocal                = false                                     {product} {command line}
     bool BytecodeVerificationRemote               = false                                     {product} {command line}
     uint G1ConcRefinementThreads                  = 4                                         {product} {ergonomic}
    uintx GCDrainStackTargetSize                   = 64                                        {product} {ergonomic}
   size_t InitialHeapSize                          = 132437760                                 {product} {ergonomic}
     bool ManagementServer                         = true                                      {product} {command line}
   size_t MaxHeapSize                              = 2119004160                                {product} {ergonomic}
    uintx ReservedCodeCacheSize                    = 251658240                              {pd product} {ergonomic}
     bool SegmentedCodeCache                       = true                                      {product} {ergonomic}
     intx TieredStopAtLevel                        = 1                                         {product} {command line}
     bool UseCompressedClassPointers               = true                                 {lp64_product} {ergonomic}
     bool UseCompressedOops                        = true                                 {lp64_product} {ergonomic}
     bool UseG1GC                                  = true                                      {product} {ergonomic}
     bool UseLargePagesIndividualAllocation        = false                                  {pd product} {ergonomic}

Logging:
Log output configuration:
 #0: stdout all=warning uptime,level,tags
 #1: stderr all=off uptime,level,tags

Environment Variables:
PATH=C:/Program Files/Java/jdk-12.0.2/bin/server;C:/Program Files/Java/jdk-12.0.2/bin;C:\ProgramData\Oracle\Java\javapath;C:\windows\system32;C:\windows;C:\windows\System32\Wbem;C:\windows\System32\WindowsPowerShell\v1.0\;C:\Program Files\Dell\Dell Data Protection\Drivers\TSS\bin\;C:\Program Files (x86)\Sennheiser\SoftphoneSDK\;C:\windows\system32\config\systemprofile\.dnx\bin;C:\Program Files\Microsoft DNX\Dnvm\;C:\Program Files (x86)\Microsoft SQL Server\100\Tools\Binn\;C:\Program Files\Microsoft SQL Server\100\Tools\Binn\;C:\Program Files (x86)\Microsoft SQL Server\100\DTS\Binn\;C:\Program Files\Microsoft SQL Server\100\DTS\Binn\;C:\Users\KantarSouthHelp-Desk\AppData\Local\Microsoft\WindowsApps;;D:\Eclipse Installation File\eclipse;
USERNAME=KantarSouthHelp-Desk
OS=Windows_NT
PROCESSOR_IDENTIFIER=Intel64 Family 6 Model 61 Stepping 4, GenuineIntel



---------------  S Y S T E M  ---------------

OS: Windows 10 , 64 bit Build 16299 (10.0.16299.15)

CPU:total 4 (initial active 4) 

Memory: 4k page, system-wide physical 8083M (1216M free)
TotalPageFile size 32659M (AvailPageFile size 2M)
current process WorkingSet (physical memory assigned to process): 9M, peak: 9M
current process commit charge ("private bytes"): 3M, peak: 3M

vm_info: Java HotSpot(TM) 64-Bit Server VM (12.0.2+10) for windows-amd64 JRE (12.0.2+10), built on Jul 16 2019 01:56:17 by "mach5one" with MS VC++ 15.5 (VS2017)

END.
